<?xml version="1.0" encoding="UTF-8"?>
<testsuite name="com.tales.test.TestApplicationTests" tests="1" skipped="0" failures="0" errors="0" timestamp="2024-04-12T10:59:47" hostname="codespaces-f017dd" time="0.934">
  <properties/>
  <testcase name="contextLoads()" classname="com.tales.test.TestApplicationTests" time="0.934"/>
  <system-out><![CDATA[10:59:44.939 [Test worker] INFO org.springframework.test.context.support.AnnotationConfigContextLoaderUtils -- Could not detect default configuration classes for test class [com.tales.test.TestApplicationTests]: TestApplicationTests does not declare any static, non-private, non-final, nested classes annotated with @Configuration.
10:59:45.038 [Test worker] INFO org.springframework.boot.test.context.SpringBootTestContextBootstrapper -- Found @SpringBootConfiguration com.tales.test.TestApplication for test class com.tales.test.TestApplicationTests

  .   ____          _            __ _ _
 /\\ / ___'_ __ _ _(_)_ __  __ _ \ \ \ \
( ( )\___ | '_ | '_| | '_ \/ _` | \ \ \ \
 \\/  ___)| |_)| | | | | || (_| |  ) ) ) )
  '  |____| .__|_| |_|_| |_\__, | / / / /
 =========|_|==============|___/=/_/_/_/
 :: Spring Boot ::                (v3.2.4)

2024-04-12T10:59:45.471Z  INFO 14343 --- [test] [    Test worker] com.tales.test.TestApplicationTests      : Starting TestApplicationTests using Java 21.0.2 with PID 14343 (started by vscode in /workspaces/tales-java-test)
2024-04-12T10:59:45.473Z  INFO 14343 --- [test] [    Test worker] com.tales.test.TestApplicationTests      : No active profile set, falling back to 1 default profile: "default"
2024-04-12T10:59:47.181Z  INFO 14343 --- [test] [    Test worker] com.tales.test.TestApplicationTests      : Started TestApplicationTests in 1.994 seconds (process running for 3.415)
]]></system-out>
  <system-err><![CDATA[WARNING: A Java agent has been loaded dynamically (/home/vscode/.gradle/caches/modules-2/files-2.1/net.bytebuddy/byte-buddy-agent/1.14.12/be4984cb6fd1ef1d11f218a648889dfda44b8a15/byte-buddy-agent-1.14.12.jar)
WARNING: If a serviceability tool is in use, please run with -XX:+EnableDynamicAgentLoading to hide this warning
WARNING: If a serviceability tool is not in use, please run with -Djdk.instrument.traceUsage for more information
WARNING: Dynamic loading of agents will be disallowed by default in a future release
]]></system-err>
</testsuite>
